TN:
SF:src/Counter.sol
DA:7,258
FN:7,Counter.setNumber
FNDA:258,Counter.setNumber
DA:8,258
DA:11,1
FN:11,Counter.increment
FNDA:1,Counter.increment
DA:12,1
FNF:2
FNH:2
LF:4
LH:4
BRF:0
BRH:0
end_of_record
TN:
SF:src/libraries/RandomIntX.sol
DA:10,1
FN:10,RandomIntX.nextInt8
FNDA:1,RandomIntX.nextInt8
DA:11,1
DA:17,1
FN:17,RandomIntX.nextInt16
FNDA:1,RandomIntX.nextInt16
DA:18,1
DA:24,1
FN:24,RandomIntX.nextInt24
FNDA:1,RandomIntX.nextInt24
DA:25,1
DA:31,1
FN:31,RandomIntX.nextInt32
FNDA:1,RandomIntX.nextInt32
DA:32,1
DA:38,1
FN:38,RandomIntX.nextInt40
FNDA:1,RandomIntX.nextInt40
DA:39,1
DA:45,1
FN:45,RandomIntX.nextInt48
FNDA:1,RandomIntX.nextInt48
DA:46,1
DA:52,1
FN:52,RandomIntX.nextInt56
FNDA:1,RandomIntX.nextInt56
DA:53,1
DA:59,1
FN:59,RandomIntX.nextInt64
FNDA:1,RandomIntX.nextInt64
DA:60,1
DA:66,1
FN:66,RandomIntX.nextInt72
FNDA:1,RandomIntX.nextInt72
DA:67,1
DA:73,1
FN:73,RandomIntX.nextInt80
FNDA:1,RandomIntX.nextInt80
DA:74,1
DA:80,1
FN:80,RandomIntX.nextInt88
FNDA:1,RandomIntX.nextInt88
DA:81,1
DA:87,1
FN:87,RandomIntX.nextInt96
FNDA:1,RandomIntX.nextInt96
DA:88,1
DA:94,1
FN:94,RandomIntX.nextInt104
FNDA:1,RandomIntX.nextInt104
DA:95,1
DA:101,1
FN:101,RandomIntX.nextInt112
FNDA:1,RandomIntX.nextInt112
DA:102,1
DA:108,1
FN:108,RandomIntX.nextInt120
FNDA:1,RandomIntX.nextInt120
DA:109,1
DA:115,1
FN:115,RandomIntX.nextInt128
FNDA:1,RandomIntX.nextInt128
DA:116,1
DA:122,1
FN:122,RandomIntX.nextInt136
FNDA:1,RandomIntX.nextInt136
DA:123,1
DA:129,1
FN:129,RandomIntX.nextInt144
FNDA:1,RandomIntX.nextInt144
DA:130,1
DA:136,1
FN:136,RandomIntX.nextInt152
FNDA:1,RandomIntX.nextInt152
DA:137,1
DA:143,1
FN:143,RandomIntX.nextInt160
FNDA:1,RandomIntX.nextInt160
DA:144,1
DA:150,1
FN:150,RandomIntX.nextInt168
FNDA:1,RandomIntX.nextInt168
DA:151,1
DA:157,1
FN:157,RandomIntX.nextInt176
FNDA:1,RandomIntX.nextInt176
DA:158,1
DA:164,1
FN:164,RandomIntX.nextInt184
FNDA:1,RandomIntX.nextInt184
DA:165,1
DA:171,1
FN:171,RandomIntX.nextInt192
FNDA:1,RandomIntX.nextInt192
DA:172,1
DA:178,1
FN:178,RandomIntX.nextInt200
FNDA:1,RandomIntX.nextInt200
DA:179,1
DA:185,1
FN:185,RandomIntX.nextInt208
FNDA:1,RandomIntX.nextInt208
DA:186,1
DA:192,1
FN:192,RandomIntX.nextInt216
FNDA:1,RandomIntX.nextInt216
DA:193,1
DA:199,1
FN:199,RandomIntX.nextInt224
FNDA:1,RandomIntX.nextInt224
DA:200,1
DA:206,1
FN:206,RandomIntX.nextInt232
FNDA:1,RandomIntX.nextInt232
DA:207,1
DA:213,1
FN:213,RandomIntX.nextInt240
FNDA:1,RandomIntX.nextInt240
DA:214,1
DA:220,1
FN:220,RandomIntX.nextInt248
FNDA:1,RandomIntX.nextInt248
DA:221,1
DA:227,1
FN:227,RandomIntX.nextInt256
FNDA:1,RandomIntX.nextInt256
DA:228,1
FNF:32
FNH:32
LF:64
LH:64
BRF:0
BRH:0
end_of_record
TN:
SF:src/libraries/RandomIntXInRange.sol
DA:12,38
FN:12,RandomIntXInRange._nextIntInRange
FNDA:38,RandomIntXInRange._nextIntInRange
DA:13,38
BRDA:13,0,0,-
BRDA:13,0,1,38
DA:14,38
DA:16,36
DA:17,36
DA:18,36
DA:26,1
FN:26,RandomIntXInRange.nextInt8InRange
FNDA:1,RandomIntXInRange.nextInt8InRange
DA:27,1
DA:35,2
FN:35,RandomIntXInRange.nextInt16InRange
FNDA:2,RandomIntXInRange.nextInt16InRange
DA:36,2
DA:44,2
FN:44,RandomIntXInRange.nextInt24InRange
FNDA:2,RandomIntXInRange.nextInt24InRange
DA:45,2
DA:53,2
FN:53,RandomIntXInRange.nextInt32InRange
FNDA:2,RandomIntXInRange.nextInt32InRange
DA:54,2
DA:62,1
FN:62,RandomIntXInRange.nextInt40InRange
FNDA:1,RandomIntXInRange.nextInt40InRange
DA:63,1
DA:71,1
FN:71,RandomIntXInRange.nextInt48InRange
FNDA:1,RandomIntXInRange.nextInt48InRange
DA:72,1
DA:80,1
FN:80,RandomIntXInRange.nextInt56InRange
FNDA:1,RandomIntXInRange.nextInt56InRange
DA:81,1
DA:89,2
FN:89,RandomIntXInRange.nextInt64InRange
FNDA:2,RandomIntXInRange.nextInt64InRange
DA:90,2
DA:98,1
FN:98,RandomIntXInRange.nextInt72InRange
FNDA:1,RandomIntXInRange.nextInt72InRange
DA:99,1
DA:107,1
FN:107,RandomIntXInRange.nextInt80InRange
FNDA:1,RandomIntXInRange.nextInt80InRange
DA:108,1
DA:116,1
FN:116,RandomIntXInRange.nextInt88InRange
FNDA:1,RandomIntXInRange.nextInt88InRange
DA:117,1
DA:125,1
FN:125,RandomIntXInRange.nextInt96InRange
FNDA:1,RandomIntXInRange.nextInt96InRange
DA:126,1
DA:134,1
FN:134,RandomIntXInRange.nextInt104InRange
FNDA:1,RandomIntXInRange.nextInt104InRange
DA:135,1
DA:143,1
FN:143,RandomIntXInRange.nextInt112InRange
FNDA:1,RandomIntXInRange.nextInt112InRange
DA:144,1
DA:152,1
FN:152,RandomIntXInRange.nextInt120InRange
FNDA:1,RandomIntXInRange.nextInt120InRange
DA:153,1
DA:161,2
FN:161,RandomIntXInRange.nextInt128InRange
FNDA:2,RandomIntXInRange.nextInt128InRange
DA:162,2
DA:170,1
FN:170,RandomIntXInRange.nextInt136InRange
FNDA:1,RandomIntXInRange.nextInt136InRange
DA:171,1
DA:179,1
FN:179,RandomIntXInRange.nextInt144InRange
FNDA:1,RandomIntXInRange.nextInt144InRange
DA:180,1
DA:188,1
FN:188,RandomIntXInRange.nextInt152InRange
FNDA:1,RandomIntXInRange.nextInt152InRange
DA:189,1
DA:197,1
FN:197,RandomIntXInRange.nextInt160InRange
FNDA:1,RandomIntXInRange.nextInt160InRange
DA:198,1
DA:206,1
FN:206,RandomIntXInRange.nextInt168InRange
FNDA:1,RandomIntXInRange.nextInt168InRange
DA:207,1
DA:215,1
FN:215,RandomIntXInRange.nextInt176InRange
FNDA:1,RandomIntXInRange.nextInt176InRange
DA:216,1
DA:224,1
FN:224,RandomIntXInRange.nextInt184InRange
FNDA:1,RandomIntXInRange.nextInt184InRange
DA:225,1
DA:233,1
FN:233,RandomIntXInRange.nextInt192InRange
FNDA:1,RandomIntXInRange.nextInt192InRange
DA:234,1
DA:242,1
FN:242,RandomIntXInRange.nextInt200InRange
FNDA:1,RandomIntXInRange.nextInt200InRange
DA:243,1
DA:251,1
FN:251,RandomIntXInRange.nextInt208InRange
FNDA:1,RandomIntXInRange.nextInt208InRange
DA:252,1
DA:260,1
FN:260,RandomIntXInRange.nextInt216InRange
FNDA:1,RandomIntXInRange.nextInt216InRange
DA:261,1
DA:269,1
FN:269,RandomIntXInRange.nextInt224InRange
FNDA:1,RandomIntXInRange.nextInt224InRange
DA:270,1
DA:278,1
FN:278,RandomIntXInRange.nextInt232InRange
FNDA:1,RandomIntXInRange.nextInt232InRange
DA:279,1
DA:287,1
FN:287,RandomIntXInRange.nextInt240InRange
FNDA:1,RandomIntXInRange.nextInt240InRange
DA:288,1
DA:296,1
FN:296,RandomIntXInRange.nextInt248InRange
FNDA:1,RandomIntXInRange.nextInt248InRange
DA:297,1
DA:305,2
FN:305,RandomIntXInRange.nextInt256InRange
FNDA:2,RandomIntXInRange.nextInt256InRange
DA:306,2
FNF:33
FNH:33
LF:70
LH:70
BRF:2
BRH:1
end_of_record
TN:
SF:src/libraries/RandomUintX.sol
DA:11,1
FN:11,RandomUintX.nextUint8
FNDA:1,RandomUintX.nextUint8
DA:12,1
DA:19,1
FN:19,RandomUintX.nextUint16
FNDA:1,RandomUintX.nextUint16
DA:20,1
DA:27,1
FN:27,RandomUintX.nextUint24
FNDA:1,RandomUintX.nextUint24
DA:28,1
DA:35,1
FN:35,RandomUintX.nextUint32
FNDA:1,RandomUintX.nextUint32
DA:36,1
DA:43,1
FN:43,RandomUintX.nextUint40
FNDA:1,RandomUintX.nextUint40
DA:44,1
DA:51,1
FN:51,RandomUintX.nextUint48
FNDA:1,RandomUintX.nextUint48
DA:52,1
DA:59,1
FN:59,RandomUintX.nextUint56
FNDA:1,RandomUintX.nextUint56
DA:60,1
DA:67,1
FN:67,RandomUintX.nextUint64
FNDA:1,RandomUintX.nextUint64
DA:68,1
DA:75,1
FN:75,RandomUintX.nextUint72
FNDA:1,RandomUintX.nextUint72
DA:76,1
DA:83,1
FN:83,RandomUintX.nextUint80
FNDA:1,RandomUintX.nextUint80
DA:84,1
DA:91,1
FN:91,RandomUintX.nextUint88
FNDA:1,RandomUintX.nextUint88
DA:92,1
DA:99,1
FN:99,RandomUintX.nextUint96
FNDA:1,RandomUintX.nextUint96
DA:100,1
DA:107,1
FN:107,RandomUintX.nextUint104
FNDA:1,RandomUintX.nextUint104
DA:108,1
DA:115,1
FN:115,RandomUintX.nextUint112
FNDA:1,RandomUintX.nextUint112
DA:116,1
DA:123,1
FN:123,RandomUintX.nextUint120
FNDA:1,RandomUintX.nextUint120
DA:124,1
DA:131,1
FN:131,RandomUintX.nextUint128
FNDA:1,RandomUintX.nextUint128
DA:132,1
DA:139,1
FN:139,RandomUintX.nextUint136
FNDA:1,RandomUintX.nextUint136
DA:140,1
DA:147,1
FN:147,RandomUintX.nextUint144
FNDA:1,RandomUintX.nextUint144
DA:148,1
DA:155,1
FN:155,RandomUintX.nextUint152
FNDA:1,RandomUintX.nextUint152
DA:156,1
DA:163,1
FN:163,RandomUintX.nextUint160
FNDA:1,RandomUintX.nextUint160
DA:164,1
DA:171,1
FN:171,RandomUintX.nextUint168
FNDA:1,RandomUintX.nextUint168
DA:172,1
DA:179,1
FN:179,RandomUintX.nextUint176
FNDA:1,RandomUintX.nextUint176
DA:180,1
DA:187,1
FN:187,RandomUintX.nextUint184
FNDA:1,RandomUintX.nextUint184
DA:188,1
DA:195,1
FN:195,RandomUintX.nextUint192
FNDA:1,RandomUintX.nextUint192
DA:196,1
DA:203,1
FN:203,RandomUintX.nextUint200
FNDA:1,RandomUintX.nextUint200
DA:204,1
DA:211,1
FN:211,RandomUintX.nextUint208
FNDA:1,RandomUintX.nextUint208
DA:212,1
DA:219,1
FN:219,RandomUintX.nextUint216
FNDA:1,RandomUintX.nextUint216
DA:220,1
DA:227,1
FN:227,RandomUintX.nextUint224
FNDA:1,RandomUintX.nextUint224
DA:228,1
DA:235,1
FN:235,RandomUintX.nextUint232
FNDA:1,RandomUintX.nextUint232
DA:236,1
DA:243,1
FN:243,RandomUintX.nextUint240
FNDA:1,RandomUintX.nextUint240
DA:244,1
DA:251,1
FN:251,RandomUintX.nextUint248
FNDA:1,RandomUintX.nextUint248
DA:252,1
DA:259,1
FN:259,RandomUintX.nextUint256
FNDA:1,RandomUintX.nextUint256
DA:260,1
FNF:32
FNH:32
LF:64
LH:64
BRF:0
BRH:0
end_of_record
TN:
SF:src/libraries/RandomUintXInRange.sol
DA:12,32
FN:12,RandomUintXInRange.nextUintInRange
FNDA:32,RandomUintXInRange.nextUintInRange
DA:13,32
BRDA:13,0,0,-
BRDA:13,0,1,32
DA:14,32
DA:16,32
DA:17,32
DA:18,32
DA:27,1
FN:27,RandomUintXInRange.nextUint8InRange
FNDA:1,RandomUintXInRange.nextUint8InRange
DA:28,1
DA:37,1
FN:37,RandomUintXInRange.nextUint16InRange
FNDA:1,RandomUintXInRange.nextUint16InRange
DA:38,1
DA:47,1
FN:47,RandomUintXInRange.nextUint24InRange
FNDA:1,RandomUintXInRange.nextUint24InRange
DA:48,1
DA:57,1
FN:57,RandomUintXInRange.nextUint32InRange
FNDA:1,RandomUintXInRange.nextUint32InRange
DA:58,1
DA:67,1
FN:67,RandomUintXInRange.nextUint40InRange
FNDA:1,RandomUintXInRange.nextUint40InRange
DA:68,1
DA:77,1
FN:77,RandomUintXInRange.nextUint48InRange
FNDA:1,RandomUintXInRange.nextUint48InRange
DA:78,1
DA:87,1
FN:87,RandomUintXInRange.nextUint56InRange
FNDA:1,RandomUintXInRange.nextUint56InRange
DA:88,1
DA:97,1
FN:97,RandomUintXInRange.nextUint64InRange
FNDA:1,RandomUintXInRange.nextUint64InRange
DA:98,1
DA:107,1
FN:107,RandomUintXInRange.nextUint72InRange
FNDA:1,RandomUintXInRange.nextUint72InRange
DA:108,1
DA:117,1
FN:117,RandomUintXInRange.nextUint80InRange
FNDA:1,RandomUintXInRange.nextUint80InRange
DA:118,1
DA:127,1
FN:127,RandomUintXInRange.nextUint88InRange
FNDA:1,RandomUintXInRange.nextUint88InRange
DA:128,1
DA:137,1
FN:137,RandomUintXInRange.nextUint96InRange
FNDA:1,RandomUintXInRange.nextUint96InRange
DA:138,1
DA:147,1
FN:147,RandomUintXInRange.nextUint104InRange
FNDA:1,RandomUintXInRange.nextUint104InRange
DA:148,1
DA:157,1
FN:157,RandomUintXInRange.nextUint112InRange
FNDA:1,RandomUintXInRange.nextUint112InRange
DA:158,1
DA:167,1
FN:167,RandomUintXInRange.nextUint120InRange
FNDA:1,RandomUintXInRange.nextUint120InRange
DA:168,1
DA:177,1
FN:177,RandomUintXInRange.nextUint128InRange
FNDA:1,RandomUintXInRange.nextUint128InRange
DA:178,1
DA:187,1
FN:187,RandomUintXInRange.nextUint136InRange
FNDA:1,RandomUintXInRange.nextUint136InRange
DA:188,1
DA:197,1
FN:197,RandomUintXInRange.nextUint144InRange
FNDA:1,RandomUintXInRange.nextUint144InRange
DA:198,1
DA:207,1
FN:207,RandomUintXInRange.nextUint152InRange
FNDA:1,RandomUintXInRange.nextUint152InRange
DA:208,1
DA:217,1
FN:217,RandomUintXInRange.nextUint160InRange
FNDA:1,RandomUintXInRange.nextUint160InRange
DA:218,1
DA:227,1
FN:227,RandomUintXInRange.nextUint168InRange
FNDA:1,RandomUintXInRange.nextUint168InRange
DA:228,1
DA:237,1
FN:237,RandomUintXInRange.nextUint176InRange
FNDA:1,RandomUintXInRange.nextUint176InRange
DA:238,1
DA:247,1
FN:247,RandomUintXInRange.nextUint184InRange
FNDA:1,RandomUintXInRange.nextUint184InRange
DA:248,1
DA:257,1
FN:257,RandomUintXInRange.nextUint192InRange
FNDA:1,RandomUintXInRange.nextUint192InRange
DA:258,1
DA:267,1
FN:267,RandomUintXInRange.nextUint200InRange
FNDA:1,RandomUintXInRange.nextUint200InRange
DA:268,1
DA:277,1
FN:277,RandomUintXInRange.nextUint208InRange
FNDA:1,RandomUintXInRange.nextUint208InRange
DA:278,1
DA:287,1
FN:287,RandomUintXInRange.nextUint216InRange
FNDA:1,RandomUintXInRange.nextUint216InRange
DA:288,1
DA:297,1
FN:297,RandomUintXInRange.nextUint224InRange
FNDA:1,RandomUintXInRange.nextUint224InRange
DA:298,1
DA:307,1
FN:307,RandomUintXInRange.nextUint232InRange
FNDA:1,RandomUintXInRange.nextUint232InRange
DA:308,1
DA:317,1
FN:317,RandomUintXInRange.nextUint240InRange
FNDA:1,RandomUintXInRange.nextUint240InRange
DA:318,1
DA:327,1
FN:327,RandomUintXInRange.nextUint248InRange
FNDA:1,RandomUintXInRange.nextUint248InRange
DA:328,1
DA:337,1
FN:337,RandomUintXInRange.nextUint256InRange
FNDA:1,RandomUintXInRange.nextUint256InRange
DA:338,1
FNF:33
FNH:33
LF:70
LH:70
BRF:2
BRH:1
end_of_record
TN:
SF:src/libraries/RandomUtils.sol
DA:17,11
FN:17,RandomUtils.getRandomIndex
FNDA:11,RandomUtils.getRandomIndex
DA:18,11
BRDA:18,0,0,-
BRDA:18,0,1,11
DA:19,11
DA:20,11
DA:29,11
FN:29,RandomUtils.getNRandomIndices
FNDA:11,RandomUtils.getNRandomIndices
DA:30,11
BRDA:30,1,0,-
BRDA:30,1,1,11
DA:32,11
DA:33,11
DA:34,11
DA:35,213
DA:44,11
FN:44,RandomUtils.getShuffledIndices
FNDA:11,RandomUtils.getShuffledIndices
DA:45,11
DA:52,1
FN:52,RandomUtils.getModdedValue
FNDA:1,RandomUtils.getModdedValue
DA:53,1
BRDA:53,2,0,-
BRDA:53,2,1,1
DA:54,1
DA:61,1
FN:61,RandomUtils.getSignedModdedValue
FNDA:1,RandomUtils.getSignedModdedValue
DA:62,1
BRDA:62,3,0,-
BRDA:62,3,1,1
DA:63,1
DA:64,1
DA:65,1
DA:66,1
FNF:5
FNH:5
LF:21
LH:21
BRF:8
BRH:4
end_of_record
TN:
SF:src/libraries/SwapOrNotShuffle.sol
DA:28,14471
FN:28,SwapOrNotShuffle.uint256ToBytes32
FNDA:14471,SwapOrNotShuffle.uint256ToBytes32
DA:29,14471
DA:36,1302390
FN:36,SwapOrNotShuffle.bytesToUint64
FNDA:1302390,SwapOrNotShuffle.bytesToUint64
DA:37,1302390
BRDA:37,0,0,-
BRDA:37,0,1,1302390
DA:38,1302390
DA:39,10419120
DA:49,14472
FN:49,SwapOrNotShuffle.computeShuffledIndex
FNDA:14472,SwapOrNotShuffle.computeShuffledIndex
DA:50,14472
BRDA:50,1,0,1
BRDA:50,1,1,14471
DA:52,14471
DA:54,14471
DA:56,1302390
DA:57,1302390
DA:60,1302390
DA:61,1302390
DA:64,1302390
DA:67,1302390
DA:68,1302390
DA:71,1302390
BRDA:71,2,0,650079
DA:72,650079
DA:76,14471
DA:84,291
FN:84,SwapOrNotShuffle.shuffleIndices
FNDA:291,SwapOrNotShuffle.shuffleIndices
DA:85,291
DA:86,291
DA:87,14211
FNF:4
FNH:4
LF:24
LH:24
BRF:5
BRH:4
end_of_record
TN:
SF:src/mocks/MockSwapOrNotShuffleUser.sol
DA:11,261
FN:11,MockSwapOrNotShuffleUser.computeShuffledIndex
FNDA:261,MockSwapOrNotShuffleUser.computeShuffledIndex
DA:12,261
DA:15,258
FN:15,MockSwapOrNotShuffleUser.shuffleIndices
FNDA:258,MockSwapOrNotShuffleUser.shuffleIndices
DA:16,258
FNF:2
FNH:2
LF:4
LH:4
BRF:0
BRH:0
end_of_record
